<?xml version="1.0" encoding="UTF-8"?>
<testng-results skipped="0" failed="0" ignored="0" total="1" passed="1">
  <reporter-output>
  </reporter-output>
  <suite name="Default suite" duration-ms="93" started-at="2021-11-11T21:13:06 IST" finished-at="2021-11-11T21:13:06 IST">
    <groups>
    </groups>
    <test name="Default test" duration-ms="93" started-at="2021-11-11T21:13:06 IST" finished-at="2021-11-11T21:13:06 IST">
      <class name="testkarna.Test1">
        <test-method status="PASS" signature="test1()[pri:0, instance:testkarna.Test1@3b084709]" name="test1" duration-ms="17" started-at="2021-11-11T21:13:06 IST" finished-at="2021-11-11T21:13:06 IST">
          <reporter-output>
          </reporter-output>
        </test-method> <!-- test1 -->
      </class> <!-- testkarna.Test1 -->
    </test> <!-- Default test -->
  </suite> <!-- Default suite -->
</testng-results>
