<?xml version="1.0" encoding="UTF-8"?>
<testng-results skipped="0" failed="0" ignored="0" total="1" passed="1">
  <reporter-output>
  </reporter-output>
  <suite name="Suite" duration-ms="82" started-at="2021-11-12T19:48:00 IST" finished-at="2021-11-12T19:48:00 IST">
    <groups>
    </groups>
    <test name="Test" duration-ms="82" started-at="2021-11-12T19:48:00 IST" finished-at="2021-11-12T19:48:00 IST">
      <class name="testkarna.TestData">
        <test-method status="PASS" signature="readdata()[pri:0, instance:testkarna.TestData@3b084709]" name="readdata" duration-ms="24" started-at="2021-11-12T19:48:00 IST" finished-at="2021-11-12T19:48:00 IST">
          <reporter-output>
          </reporter-output>
        </test-method> <!-- readdata -->
      </class> <!-- testkarna.TestData -->
    </test> <!-- Test -->
  </suite> <!-- Suite -->
</testng-results>
